<?xml version="1.0" encoding="UTF-8"?>
<!-- Generated by org.testng.reporters.JUnitXMLReporter -->
<testsuite ignored="0" hostname="Meryems-MBP.hsd1.nj.comcast.net" failures="0" tests="4" name="Default test" time="0.034" errors="0" timestamp="2020-08-29T11:16:49 EDT">
  <testcase classname="com.sytax.class01.TestNGIntro" name="testFour" time="0.006"/>
  <testcase classname="com.sytax.class01.TestNGIntro" name="testOne" time="0.0"/>
  <testcase classname="com.sytax.class01.TestNGIntro" name="testThree" time="0.001"/>
  <testcase classname="com.sytax.class01.TestNGIntro" name="testTwo" time="0.0"/>
</testsuite> <!-- Default test -->
